<?xml version="1.0" encoding="UTF-8"?>
<!-- Generated by org.testng.reporters.JUnitReportReporter -->
<testsuite hostname="Kishores-MacBook-Air.local" failures="0" tests="1" name="org.examarly.LoginMainPage" time="40.211" errors="0" timestamp="2022-10-26T14:21:52 IST" skipped="0">
  <testcase classname="org.examarly.LoginMainPage" name="FillForm" time="40.211"/>
  <system-out/>
</testsuite> <!-- org.examarly.LoginMainPage -->
